0 verbose cli /opt/homebrew/Cellar/node/25.2.1/bin/node /opt/homebrew/lib/node_modules/npm/bin/npm-cli.js
1 info using npm@11.6.2
2 info using node@v25.2.1
3 silly config load:file:/opt/homebrew/lib/node_modules/npm/npmrc
4 silly config load:file:/Volumes/AASHU'S HD/3RD YEAR/FYP/SeismoNep/frontend-mobile/.npmrc
5 silly config load:file:/opt/homebrew/etc/npmrc
6 verbose title npm exec expo start
7 verbose argv "exec" "--" "expo" "start"
8 verbose logfile logs-max:10 dir:/Volumes/AASHU'S HD/3RD YEAR/FYP/SeismoNep/frontend-mobile/.npm/_logs/2026-03-14T16_56_45_017Z-
9 verbose logfile /Volumes/AASHU'S HD/3RD YEAR/FYP/SeismoNep/frontend-mobile/.npm/_logs/2026-03-14T16_56_45_017Z-debug-0.log
10 silly logfile done cleaning log files
11 http fetch GET 200 https://registry.npmjs.org/npm 124ms
12 verbose cwd /Volumes/AASHU'S HD/3RD YEAR/FYP/SeismoNep/frontend-mobile
13 verbose os Darwin 25.2.0
14 verbose node v25.2.1
15 verbose npm  v11.6.2
16 notice
16 notice New [33mminor[39m version of npm available! [33m11.6.2[39m -> [34m11.11.1[39m
16 notice Changelog: [34mhttps://github.com/npm/cli/releases/tag/v11.11.1[39m
16 notice To update run: [4mnpm install -g npm@11.11.1[24m
16 notice  { force: true, Symbol(proc-log.meta): true }
17 verbose exit 7
18 verbose code 7
